Heap:
 PSYoungGen      total 245248K, used 55378K [0x00000000d6300000, 0x00000000ff900000, 0x0000000100000000)
  eden space 228352K, 24% used [0x00000000d6300000,0x00000000d9914800,0x00000000e4200000)
  from space 16896K, 0% used [0x00000000e4200000,0x00000000e4200000,0x00000000e5280000)
  to   space 224768K, 0% used [0x00000000f1d80000,0x00000000f1d80000,0x00000000ff900000)
 ParOldGen       total 1371136K, used 1371092K [0x0000000082800000, 0x00000000d6300000, 0x00000000d6300000)
  object space 1371136K, 99% used [0x0000000082800000,0x00000000d62f5228,0x00000000d6300000)
 Metaspace       used 18885K, capacity 19392K, committed 19712K, reserved 1067008K
  class space    used 2324K, capacity 2469K, committed 2560K, reserved 1048576K
GC Heap History (10 events):
Event: 150.308 GC heap before
{Heap before GC invocations=79 (full 8):
 PSYoungGen      total 245248K, used 16687K [0x00000000d6300000, 0x00000000ff900000, 0x0000000100000000)
  eden space 228352K, 0% used [0x00000000d6300000,0x00000000d6300000,0x00000000e4200000)
  from space 16896K, 98% used [0x00000000e4200000,0x00000000e524bde8,0x00000000e5280000)
  to   space 224768K, 0% used [0x00000000f1d80000,0x00000000f1d80000,0x00000000ff900000)
 ParOldGen       total 1371136K, used 1329627K [0x0000000082800000, 0x00000000d6300000, 0x00000000d6300000)
  object space 1371136K, 96% used [0x0000000082800000,0x00000000d3a76ff8,0x00000000d6300000)
 Metaspace       used 18883K, capacity 19392K, committed 19712K, reserved 1067008K
  class space    used 2324K, capacity 2469K, committed 2560K, reserved 1048576K
Event: 155.279 GC heap after
Heap after GC invocations=79 (full 8):
 PSYoungGen      total 245248K, used 0K [0x00000000d6300000, 0x00000000ff900000, 0x0000000100000000)
  eden space 228352K, 0% used [0x00000000d6300000,0x00000000d6300000,0x00000000e4200000)
  from space 16896K, 0% used [0x00000000e4200000,0x00000000e4200000,0x00000000e5280000)
  to   space 224768K, 0% used [0x00000000f1d80000,0x00000000f1d80000,0x00000000ff900000)
 ParOldGen       total 1371136K, used 1344991K [0x0000000082800000, 0x00000000d6300000, 0x00000000d6300000)
  object space 1371136K, 98% used [0x0000000082800000,0x00000000d4977cf0,0x00000000d6300000)
 Metaspace       used 18883K, capacity 19392K, committed 19712K, reserved 1067008K
  class space    used 2324K, capacity 2469K, committed 2560K, reserved 1048576K
}
Event: 156.588 GC heap before
{Heap before GC invocations=80 (full 9):
 PSYoungGen      total 245248K, used 228352K [0x00000000d6300000, 0x00000000ff900000, 0x0000000100000000)
  eden space 228352K, 100% used [0x00000000d6300000,0x00000000e4200000,0x00000000e4200000)
  from space 16896K, 0% used [0x00000000e4200000,0x00000000e4200000,0x00000000e5280000)
  to   space 224768K, 0% used [0x00000000f1d80000,0x00000000f1d80000,0x00000000ff900000)
 ParOldGen       total 1371136K, used 1344991K [0x0000000082800000, 0x00000000d6300000, 0x00000000d6300000)
  object space 1371136K, 98% used [0x0000000082800000,0x00000000d4977cf0,0x00000000d6300000)
 Metaspace       used 18884K, capacity 19392K, committed 19712K, reserved 1067008K
  class space    used 2324K, capacity 2469K, committed 2560K, reserved 1048576K
Event: 158.288 GC heap after
Heap after GC invocations=80 (full 9):
 PSYoungGen      total 245248K, used 0K [0x00000000d6300000, 0x00000000ff900000, 0x0000000100000000)
  eden space 228352K, 0% used [0x00000000d6300000,0x00000000d6300000,0x00000000e4200000)
  from space 16896K, 0% used [0x00000000e4200000,0x00000000e4200000,0x00000000e5280000)
  to   space 224768K, 0% used [0x00000000f1d80000,0x00000000f1d80000,0x00000000ff900000)
 ParOldGen       total 1371136K, used 1361379K [0x0000000082800000, 0x00000000d6300000, 0x00000000d6300000)
  object space 1371136K, 99% used [0x0000000082800000,0x00000000d5978e18,0x00000000d6300000)
 Metaspace       used 18884K, capacity 19392K, committed 19712K, reserved 1067008K
  class space    used 2324K, capacity 2469K, committed 2560K, reserved 1048576K
}
Event: 159.828 GC heap before
{Heap before GC invocations=81 (full 10):
 PSYoungGen      total 245248K, used 228352K [0x00000000d6300000, 0x00000000ff900000, 0x0000000100000000)
  eden space 228352K, 100% used [0x00000000d6300000,0x00000000e4200000,0x00000000e4200000)
  from space 16896K, 0% used [0x00000000e4200000,0x00000000e4200000,0x00000000e5280000)
  to   space 224768K, 0% used [0x00000000f1d80000,0x00000000f1d80000,0x00000000ff900000)
 ParOldGen       total 1371136K, used 1361379K [0x0000000082800000, 0x00000000d6300000, 0x00000000d6300000)
  object space 1371136K, 99% used [0x0000000082800000,0x00000000d5978e18,0x00000000d6300000)
 Metaspace       used 18885K, capacity 19392K, committed 19712K, reserved 1067008K
  class space    used 2324K, capacity 2469K, committed 2560K, reserved 1048576K
Event: 162.637 GC heap after
Heap after GC invocations=81 (full 10):
 PSYoungGen      total 245248K, used 6669K [0x00000000d6300000, 0x00000000ff900000, 0x0000000100000000)
  eden space 228352K, 2% used [0x00000000d6300000,0x00000000d6983490,0x00000000e4200000)
  from space 16896K, 0% used [0x00000000e4200000,0x00000000e4200000,0x00000000e5280000)
  to   space 224768K, 0% used [0x00000000f1d80000,0x00000000f1d80000,0x00000000ff900000)
 ParOldGen       total 1371136K, used 1371099K [0x0000000082800000, 0x00000000d6300000, 0x00000000d6300000)
  object space 1371136K, 99% used [0x0000000082800000,0x00000000d62f6fc8,0x00000000d6300000)
 Metaspace       used 18885K, capacity 19392K, committed 19712K, reserved 1067008K
  class space    used 2324K, capacity 2469K, committed 2560K, reserved 1048576K
}
Event: 163.854 GC heap before
{Heap before GC invocations=82 (full 11):
 PSYoungGen      total 245248K, used 228352K [0x00000000d6300000, 0x00000000ff900000, 0x0000000100000000)
  eden space 228352K, 100% used [0x00000000d6300000,0x00000000e4200000,0x00000000e4200000)
  from space 16896K, 0% used [0x00000000e4200000,0x00000000e4200000,0x00000000e5280000)
  to   space 224768K, 0% used [0x00000000f1d80000,0x00000000f1d80000,0x00000000ff900000)
 ParOldGen       total 1371136K, used 1371099K [0x0000000082800000, 0x00000000d6300000, 0x00000000d6300000)
  object space 1371136K, 99% used [0x0000000082800000,0x00000000d62f6fc8,0x00000000d6300000)
 Metaspace       used 18885K, capacity 19392K, committed 19712K, reserved 1067008K
  class space    used 2324K, capacity 2469K, committed 2560K, reserved 1048576K
Event: 165.150 GC heap after
Heap after GC invocations=82 (full 11):
 PSYoungGen      total 245248K, used 22570K [0x00000000d6300000, 0x00000000ff900000, 0x0000000100000000)
  eden space 228352K, 9% used [0x00000000d6300000,0x00000000d790a840,0x00000000e4200000)
  from space 16896K, 0% used [0x00000000e4200000,0x00000000e4200000,0x00000000e5280000)
  to   space 224768K, 0% used [0x00000000f1d80000,0x00000000f1d80000,0x00000000ff900000)
 ParOldGen       total 1371136K, used 1371092K [0x0000000082800000, 0x00000000d6300000, 0x00000000d6300000)
  object space 1371136K, 99% used [0x0000000082800000,0x00000000d62f5228,0x00000000d6300000)
 Metaspace       used 18885K, capacity 19392K, committed 19712K, reserved 1067008K
  class space    used 2324K, capacity 2469K, committed 2560K, reserved 1048576K
}
Event: 166.315 GC heap before
{Heap before GC invocations=83 (full 12):
 PSYoungGen      total 245248K, used 228352K [0x00000000d6300000, 0x00000000ff900000, 0x0000000100000000)
  eden space 228352K, 100% used [0x00000000d6300000,0x00000000e4200000,0x00000000e4200000)
  from space 16896K, 0% used [0x00000000e4200000,0x00000000e4200000,0x00000000e5280000)
  to   space 224768K, 0% used [0x00000000f1d80000,0x00000000f1d80000,0x00000000ff900000)
 ParOldGen       total 1371136K, used 1371092K [0x0000000082800000, 0x00000000d6300000, 0x00000000d6300000)
  object space 1371136K, 99% used [0x0000000082800000,0x00000000d62f5228,0x00000000d6300000)
 Metaspace       used 18885K, capacity 19392K, committed 19712K, reserved 1067008K
  class space    used 2324K, capacity 2469K, committed 2560K, reserved 1048576K
Event: 167.532 GC heap after
Heap after GC invocations=83 (full 12):
 PSYoungGen      total 245248K, used 37314K [0x00000000d6300000, 0x00000000ff900000, 0x0000000100000000)
  eden space 228352K, 16% used [0x00000000d6300000,0x00000000d8770be8,0x00000000e4200000)
  from space 16896K, 0% used [0x00000000e4200000,0x00000000e4200000,0x00000000e5280000)
  to   space 224768K, 0% used [0x00000000f1d80000,0x00000000f1d80000,0x00000000ff900000)
 ParOldGen       total 1371136K, used 1371092K [0x0000000082800000, 0x00000000d6300000, 0x00000000d6300000)
  object space 1371136K, 99% used [0x0000000082800000,0x00000000d62f5228,0x00000000d6300000)
 Metaspace       used 18885K, capacity 19392K, committed 19712K, reserved 1067008K
  class space    used 2324K, capacity 2469K, committed 2560K, reserved 1048576K
}

